build/app/outputs/mapping/release/mapping.txt
# compiler: R8
# compiler_version: 1.5.64
# min_api: 16
# pg_map_id: 59af3d3
...
io.flutter.embedding.engine.systemchannels.PlatformViewsChannel$1 -> io.flutter.embedding.engine.i.h$a:
    io.flutter.embedding.engine.systemchannels.PlatformViewsChannel this$0 -> a
    void onMethodCall(io.flutter.plugin.common.MethodCall,io.flutter.plugin.common.MethodChannel$Result) -> a
    void clearFocus(io.flutter.plugin.common.MethodCall,io.flutter.plugin.common.MethodChannel$Result) -> b
    void create(io.flutter.plugin.common.MethodCall,io.flutter.plugin.common.MethodChannel$Result) -> c
    void dispose(io.flutter.plugin.common.MethodCall,io.flutter.plugin.common.MethodChannel$Result) -> d
    void resize(io.flutter.plugin.common.MethodCall,io.flutter.plugin.common.MethodChannel$Result) -> e
    void setDirection(io.flutter.plugin.common.MethodCall,io.flutter.plugin.common.MethodChannel$Result) -> f
    void touch(io.flutter.plugin.common.MethodCall,io.flutter.plugin.common.MethodChannel$Result) -> g
io.flutter.embedding.engine.systemchannels.PlatformViewsChannel$1$1 -> io.flutter.embedding.engine.i.h$a$a:
    io.flutter.plugin.common.MethodChannel$Result val$result -> a
io.flutter.embedding.engine.systemchannels.PlatformViewsChannel$PlatformViewCreationRequest -> io.flutter.embedding.engine.i.h$b:
    java.nio.ByteBuffer params -> f
    double logicalWidth -> c
    double logicalHeight -> d
    int direction -> e
    java.lang.String viewType -> b
    int viewId -> a
io.flutter.embedding.engine.systemchannels.PlatformViewsChannel$PlatformViewResizeRequest -> io.flutter.embedding.engine.i.h$c:
    double newLogicalWidth -> b
    double newLogicalHeight -> c
    int viewId -> a
io.flutter.embedding.engine.systemchannels.PlatformViewsChannel$PlatformViewTouch -> io.flutter.embedding.engine.i.h$d:
    int source -> n
    float yPrecision -> k
    int flags -> o
    float xPrecision -> j
    int deviceId -> l
    int edgeFlags -> m
    java.lang.Object rawPointerPropertiesList -> f
    java.lang.Object rawPointerCoords -> g
    int metaState -> h
    int buttonState -> i
    int action -> d
    int pointerCount -> e
    int viewId -> a
    java.lang.Number downTime -> b
    java.lang.Number eventTime -> c
    long motionEventId -> p
io.flutter.embedding.engine.systemchannels.PlatformViewsChannel$PlatformViewsHandler -> io.flutter.embedding.engine.i.h$e:
    long createVirtualDisplayForPlatformView(io.flutter.embedding.engine.systemchannels.PlatformViewsChannel$PlatformViewCreationRequest) -> a
    void disposeAndroidViewForPlatformView(int) -> a
    void onTouch(io.flutter.embedding.engine.systemchannels.PlatformViewsChannel$PlatformViewTouch) -> a
    void resizePlatformView(io.flutter.embedding.engine.systemchannels.PlatformViewsChannel$PlatformViewResizeRequest,java.lang.Runnable) -> a
    void setDirection(int,int) -> a
    void createAndroidViewForPlatformView(io.flutter.embedding.engine.systemchannels.PlatformViewsChannel$PlatformViewCreationRequest) -> b
    void disposeVirtualDisplayForPlatformView(int) -> b
    void clearFocus(int) -> c